SF:lib/src/data/data_sources/remote_data_source/movie_remote_data_source.g.dart
DA:12,0
DA:16,0
DA:23,0
DA:26,0
DA:27,0
DA:28,0
DA:29,0
DA:30,0
DA:35,0
DA:36,0
DA:41,0
DA:42,0
DA:43,0
DA:47,0
DA:48,0
DA:49,0
DA:50,0
DA:51,0
DA:52,0
DA:54,0
LF:20
LH:0
end_of_record
SF:lib/src/data/data_sources/remote_data_source/movie_remote_data_source.dart
DA:10,0
DA:11,0
LF:2
LH:0
end_of_record
SF:lib/src/data/models/movie_result_model.dart
DA:11,2
DA:13,2
DA:14,2
DA:16,0
LF:4
LH:3
end_of_record
SF:lib/src/data/models/movie_result_model.g.dart
DA:9,2
DA:10,2
DA:11,2
DA:12,6
DA:13,2
DA:16,0
DA:17,0
DA:18,0
LF:8
LH:5
end_of_record
SF:lib/src/data/repo/movie_repo_impl.dart
DA:13,1
DA:15,1
DA:18,2
DA:19,3
DA:20,3
DA:22,0
DA:23,0
DA:25,0
DA:26,0
DA:27,0
DA:28,0
DA:34,0
DA:36,0
LF:13
LH:5
end_of_record
SF:lib/src/data/models/app_error.dart
DA:8,2
DA:13,0
DA:14,0
LF:3
LH:1
end_of_record
SF:lib/src/data/models/movie_model.dart
DA:28,2
DA:38,2
DA:39,2
DA:40,0
LF:4
LH:3
end_of_record
SF:lib/src/data/models/movie_model.g.dart
DA:9,4
DA:10,2
DA:11,4
DA:12,2
DA:13,2
DA:14,2
DA:15,2
DA:16,2
DA:19,0
DA:20,0
DA:21,0
DA:22,0
DA:23,0
DA:24,0
DA:25,0
DA:26,0
DA:27,0
LF:17
LH:8
end_of_record
SF:lib/src/domain/entities/no_params.dart
DA:4,0
DA:5,0
LF:2
LH:0
end_of_record
SF:lib/src/domain/usecases/get_trending_usecase.dart
DA:11,1
DA:13,1
DA:16,2
DA:17,1
DA:18,0
DA:19,1
DA:20,1
DA:21,1
DA:22,2
DA:23,1
DA:24,1
DA:25,1
DA:26,1
DA:27,1
DA:28,1
DA:29,1
DA:32,1
LF:17
LH:16
end_of_record
SF:lib/src/domain/entities/movie_entity.dart
DA:12,1
DA:22,0
DA:23,0
DA:25,0
LF:4
LH:1
end_of_record
