SF:lib/src/data/data_sources/remote_data_source/movie_remote_data_source.g.dart
DA:12,0
DA:16,0
DA:23,0
DA:26,0
DA:27,0
DA:28,0
DA:29,0
DA:30,0
DA:35,0
DA:36,0
DA:41,0
DA:42,0
DA:43,0
DA:47,0
DA:48,0
DA:49,0
DA:50,0
DA:51,0
DA:52,0
DA:54,0
LF:20
LH:0
end_of_record
SF:lib/src/data/data_sources/remote_data_source/movie_remote_data_source.dart
DA:10,0
DA:11,0
LF:2
LH:0
end_of_record
SF:lib/src/data/models/movie_result_model.dart
DA:11,1
DA:13,1
DA:14,1
DA:16,0
LF:4
LH:3
end_of_record
SF:lib/src/data/models/movie_result_model.g.dart
DA:9,1
DA:10,1
DA:11,1
DA:12,3
DA:13,1
DA:16,0
DA:17,0
DA:18,0
LF:8
LH:5
end_of_record
SF:lib/src/data/repo/movie_repo_impl.dart
DA:13,1
DA:15,1
DA:18,2
DA:19,3
DA:20,3
DA:22,0
DA:23,0
DA:25,0
DA:26,0
DA:27,0
DA:28,0
DA:34,0
DA:36,0
LF:13
LH:5
end_of_record
SF:lib/src/data/models/app_error.dart
DA:8,1
DA:13,0
DA:14,0
LF:3
LH:1
end_of_record
SF:lib/src/data/models/movie_model.dart
DA:28,1
DA:38,1
DA:39,1
DA:40,0
LF:4
LH:3
end_of_record
SF:lib/src/data/models/movie_model.g.dart
DA:9,2
DA:10,1
DA:11,2
DA:12,1
DA:13,1
DA:14,1
DA:15,1
DA:16,1
DA:19,0
DA:20,0
DA:21,0
DA:22,0
DA:23,0
DA:24,0
DA:25,0
DA:26,0
DA:27,0
LF:17
LH:8
end_of_record
